<?xml version="1.0" encoding="UTF-8"?>
<testsuite xmlns:xsi="http://www.w3.org/2001/XMLSchema-instance" xsi:noNamespaceSchemaLocation="https://maven.apache.org/surefire/maven-surefire-plugin/xsd/surefire-test-report-3.0.xsd" version="3.0" name="RequestParser_tests.HttpVersionTest" time="0.136" tests="3" errors="0" skipped="0" failures="0">
  <properties>
    <property name="java.specification.version" value="23"/>
    <property name="sun.cpu.isalist" value="amd64"/>
    <property name="sun.jnu.encoding" value="Cp1252"/>
    <property name="java.class.path" value="C:\Users\khund\Java HTTP server\simple_http_server\demo\target\test-classes;C:\Users\khund\Java HTTP server\simple_http_server\demo\target\classes;C:\Users\khund\.m2\repository\com\fasterxml\jackson\core\jackson-databind\2.15.2\jackson-databind-2.15.2.jar;C:\Users\khund\.m2\repository\com\fasterxml\jackson\core\jackson-annotations\2.15.2\jackson-annotations-2.15.2.jar;C:\Users\khund\.m2\repository\com\fasterxml\jackson\core\jackson-core\2.15.2\jackson-core-2.15.2.jar;C:\Users\khund\.m2\repository\junit\junit\4.13.2\junit-4.13.2.jar;C:\Users\khund\.m2\repository\org\hamcrest\hamcrest-core\1.3\hamcrest-core-1.3.jar;C:\Users\khund\.m2\repository\org\slf4j\slf4j-simple\2.0.6\slf4j-simple-2.0.6.jar;C:\Users\khund\.m2\repository\org\slf4j\slf4j-api\2.0.9\slf4j-api-2.0.9.jar;"/>
    <property name="java.vm.vendor" value="Oracle Corporation"/>
    <property name="sun.arch.data.model" value="64"/>
    <property name="user.variant" value=""/>
    <property name="java.vendor.url" value="https://java.oracle.com/"/>
    <property name="user.timezone" value="Asia/Tbilisi"/>
    <property name="os.name" value="Windows 11"/>
    <property name="java.vm.specification.version" value="23"/>
    <property name="user.country" value="US"/>
    <property name="sun.java.launcher" value="SUN_STANDARD"/>
    <property name="sun.boot.library.path" value="C:\Program Files\Java\jdk-23\bin"/>
    <property name="sun.java.command" value="C:\Users\khund\AppData\Local\Temp\surefire3423551251406485811\surefirebooter-20250520225410475_3.jar C:\Users\khund\AppData\Local\Temp\surefire3423551251406485811 2025-05-20T22-54-10_311-jvmRun1 surefire-20250520225410475_1tmp surefire_0-20250520225410475_2tmp"/>
    <property name="jdk.debug" value="release"/>
    <property name="test" value="RequestParser_tests.HttpVersionTest"/>
    <property name="surefire.test.class.path" value="C:\Users\khund\Java HTTP server\simple_http_server\demo\target\test-classes;C:\Users\khund\Java HTTP server\simple_http_server\demo\target\classes;C:\Users\khund\.m2\repository\com\fasterxml\jackson\core\jackson-databind\2.15.2\jackson-databind-2.15.2.jar;C:\Users\khund\.m2\repository\com\fasterxml\jackson\core\jackson-annotations\2.15.2\jackson-annotations-2.15.2.jar;C:\Users\khund\.m2\repository\com\fasterxml\jackson\core\jackson-core\2.15.2\jackson-core-2.15.2.jar;C:\Users\khund\.m2\repository\junit\junit\4.13.2\junit-4.13.2.jar;C:\Users\khund\.m2\repository\org\hamcrest\hamcrest-core\1.3\hamcrest-core-1.3.jar;C:\Users\khund\.m2\repository\org\slf4j\slf4j-simple\2.0.6\slf4j-simple-2.0.6.jar;C:\Users\khund\.m2\repository\org\slf4j\slf4j-api\2.0.9\slf4j-api-2.0.9.jar;"/>
    <property name="sun.cpu.endian" value="little"/>
    <property name="user.home" value="C:\Users\khund"/>
    <property name="user.language" value="en"/>
    <property name="java.specification.vendor" value="Oracle Corporation"/>
    <property name="java.version.date" value="2024-10-15"/>
    <property name="java.home" value="C:\Program Files\Java\jdk-23"/>
    <property name="file.separator" value="\"/>
    <property name="basedir" value="C:\Users\khund\Java HTTP server\simple_http_server\demo"/>
    <property name="java.vm.compressedOopsMode" value="Zero based"/>
    <property name="line.separator" value="&#10;"/>
    <property name="java.vm.specification.vendor" value="Oracle Corporation"/>
    <property name="java.specification.name" value="Java Platform API Specification"/>
    <property name="surefire.real.class.path" value="C:\Users\khund\AppData\Local\Temp\surefire3423551251406485811\surefirebooter-20250520225410475_3.jar"/>
    <property name="user.script" value=""/>
    <property name="sun.management.compiler" value="HotSpot 64-Bit Tiered Compilers"/>
    <property name="java.runtime.version" value="23.0.1+11-39"/>
    <property name="user.name" value="khund"/>
    <property name="stdout.encoding" value="Cp1252"/>
    <property name="path.separator" value=";"/>
    <property name="os.version" value="10.0"/>
    <property name="java.runtime.name" value="Java(TM) SE Runtime Environment"/>
    <property name="file.encoding" value="UTF-8"/>
    <property name="java.vm.name" value="Java HotSpot(TM) 64-Bit Server VM"/>
    <property name="maven.ext.class.path" value="C:\Users\khund\.vscode\extensions\oracle.oracle-java-24.0.0\nbcode\java\maven-nblib\netbeans-eventspy.jar"/>
    <property name="localRepository" value="C:\Users\khund\.m2\repository"/>
    <property name="java.vendor.url.bug" value="https://bugreport.java.com/bugreport/"/>
    <property name="java.io.tmpdir" value="C:\Users\khund\AppData\Local\Temp\"/>
    <property name="java.version" value="23.0.1"/>
    <property name="user.dir" value="C:\Users\khund\Java HTTP server\simple_http_server\demo"/>
    <property name="os.arch" value="amd64"/>
    <property name="java.vm.specification.name" value="Java Virtual Machine Specification"/>
    <property name="sun.os.patch.level" value=""/>
    <property name="native.encoding" value="Cp1252"/>
    <property name="java.library.path" value="C:\Program Files\Java\jdk-23\bin;C:\WINDOWS\Sun\Java\bin;C:\WINDOWS\system32;C:\WINDOWS;c:\Users\khund\AppData\Local\Programs\cursor\resources\app\bin;C:\Program Files\Common Files\Oracle\Java\javapath;C:\Program Files (x86)\Common Files\Oracle\Java\java8path;C:\Program Files (x86)\Common Files\Oracle\Java\javapath;C:\VulkanSDK\1.3.296.0\Bin;C:\Program Files\Oculus\Support\oculus-runtime;C:\WINDOWS\system32;C:\WINDOWS;C:\WINDOWS\System32\Wbem;C:\WINDOWS\System32\WindowsPowerShell\v1.0\;C:\WINDOWS\System32\OpenSSH\;C:\Program Files\dotnet\;C:\ProgramData\chocolatey\bin;C:\WINDOWS\system32;C:\WINDOWS;C:\WINDOWS\System32\Wbem;C:\WINDOWS\System32\WindowsPowerShell\v1.0\;C:\WINDOWS\System32\OpenSSH\;C:\Users\khund\AppData\Local\Microsoft\WindowsApps;C:\Users\khund\mingw64\bin;C:\msys64\ucrt64\bin;C:\Program Files\Java\jdk-23\bin;c:\Users\khund\AppData\Local\Programs\cursor\resources\app\bin;C:\Program Files (x86)\Windows Kits\10\Windows Performance Toolkit\;C:\Program Files\Git\cmd;C:\Program Files\nodejs\;C:\Users\khund\AppData\Local\Programs\Python\Launcher\;C:\Users\khund\AppData\Local\Microsoft\WindowsApps;C:\Users\khund\mingw64\bin;C:\Users\khund\AppData\Local\Programs\Microsoft VS Code Insiders\bin;C:\msys64\ucrt64\bin;C:\Program Files\Java\jdk-23\bin;C:\msys64\ucrt64\bin;C:\Users\khund\AppData\Local\Programs\Microsoft VS Code\bin;C:\masm32\bin;C:\Users\khund\NASM;;C:\Users\khund\AppData\Local\Programs\Ollama;C:\Users\khund\.lmstudio\bin;C:\Users\khund\AppData\Roaming\npm;C:\Users\khund\AppData\Local\spicetify;C:\ghcup\bin;."/>
    <property name="java.vm.info" value="mixed mode, sharing"/>
    <property name="stderr.encoding" value="Cp1252"/>
    <property name="java.vendor" value="Oracle Corporation"/>
    <property name="java.vm.version" value="23.0.1+11-39"/>
    <property name="sun.io.unicode.encoding" value="UnicodeLittle"/>
    <property name="java.class.version" value="67.0"/>
  </properties>
  <testcase name="test_supported_old_version" classname="RequestParser_tests.HttpVersionTest" time="0.042">
    <system-out><![CDATA[HTTP/1.0
Host = localhost:8080
Accept-Language = en-US,en;q=0.9
]]></system-out>
  </testcase>
  <testcase name="test_unsupported_version" classname="RequestParser_tests.HttpVersionTest" time="0.004">
    <system-out><![CDATA[HTTP/1.2
]]></system-out>
  </testcase>
  <testcase name="test_invalid_version" classname="RequestParser_tests.HttpVersionTest" time="0.001">
    <system-out><![CDATA[HTTP/
]]></system-out>
  </testcase>
</testsuite>